17:57:32 **** Incremental Build of configuration Debug for project LED_stm1 ****
make -j12 all 
arm-none-eabi-gcc "../Core/Src/main.c" -mcpu=cortex-m4 -std=gnu11 -g3 -DDEBUG -DUSE_HAL_DRIVER -DSTM32F446xx -c -I../FATFS/Target -I../FATFS/App -I../Core/Inc -I../Drivers/STM32F4xx_HAL_Driver/Inc -I../Drivers/STM32F4xx_HAL_Driver/Inc/Legacy -I../Middlewares/Third_Party/FatFs/src -I../Drivers/CMSIS/Device/ST/STM32F4xx/Include -I../Drivers/CMSIS/Include -O0 -ffunction-sections -fdata-sections -Wall -fstack-usage -MMD -MP -MF"Core/Src/main.d" -MT"Core/Src/main.o" --specs=nano.specs -mfpu=fpv4-sp-d16 -mfloat-abi=hard -mthumb -o "Core/Src/main.o"
../Core/Src/main.c:204:13: warning: 'MX_GPIO_Init' defined but not used [-Wunused-function]
  204 | static void MX_GPIO_Init(void)
      |             ^~~~~~~~~~~~
../Core/Src/main.c:183:13: warning: 'MX_DMA_Init' defined but not used [-Wunused-function]
  183 | static void MX_DMA_Init(void)
      |             ^~~~~~~~~~~
../Core/Src/main.c:152:13: warning: 'MX_USART1_UART_Init' defined but not used [-Wunused-function]
  152 | static void MX_USART1_UART_Init(void)
      |             ^~~~~~~~~~~~~~~~~~~
../Core/Src/main.c:124:13: warning: 'MX_SDIO_SD_Init' defined but not used [-Wunused-function]
  124 | static void MX_SDIO_SD_Init(void)
      |             ^~~~~~~~~~~~~~~
arm-none-eabi-g++ -o "LED_stm1.elf" @"objects.list"   -mcpu=cortex-m4 -T"D:\projects\FPGA\ksenia\stm32cube\LED_stm1\STM32F446RETX_FLASH.ld" --specs=nosys.specs -Wl,-Map="LED_stm1.map" -Wl,--gc-sections -static --specs=nano.specs -mfpu=fpv4-sp-d16 -mfloat-abi=hard -mthumb -Wl,--start-group -lc -lm -lstdc++ -lsupc++ -Wl,--end-group
c:\st\stm32cubeide_1.7.0\stm32cubeide\plugins\com.st.stm32cube.ide.mcu.externaltools.gnu-tools-for-stm32.9-2020-q2-update.win32_2.0.0.202105311346\tools\arm-none-eabi\bin\ld.exe: ./Core/Startup/startup_stm32f446retx.o: in function `LoopFillZerobss':
D:/projects/FPGA/ksenia/stm32cube/LED_stm1/Debug/../Core/Startup/startup_stm32f446retx.s:100: undefined reference to `main'
collect2.exe: error: ld returned 1 exit status
make: *** [makefile:84: LED_stm1.elf] Error 1
"make -j12 all" terminated with exit code 2. Build might be incomplete.

17:57:33 Build Failed. 3 errors, 4 warnings. (took 749ms)

